kotlin version: 2.0.0
error message: org.jetbrains.kotlin.backend.common.BackendException: Backend Internal error: Exception during IR lowering
File being compiled: /Users/muhammedadel/AndroidStudioProjects/FootballLeagueTask/core/ui/src/main/java/com/example/ui/base/BasicScreen.kt
The root cause java.lang.RuntimeException was thrown at: org.jetbrains.kotlin.backend.jvm.codegen.FunctionCodegen.generate(FunctionCodegen.kt:50)
	at org.jetbrains.kotlin.backend.common.CodegenUtil.reportBackendException(CodegenUtil.kt:253)
	at org.jetbrains.kotlin.backend.common.CodegenUtil.reportBackendException$default(CodegenUtil.kt:236)
	at org.jetbrains.kotlin.backend.common.phaser.PerformByIrFilePhase.invokeSequential(performByIrFile.kt:65)
	at org.jetbrains.kotlin.backend.common.phaser.PerformByIrFilePhase.invoke(performByIrFile.kt:52)
	at org.jetbrains.kotlin.backend.common.phaser.PerformByIrFilePhase.invoke(performByIrFile.kt:38)
	at org.jetbrains.kotlin.backend.common.phaser.NamedCompilerPhase.phaseBody(CompilerPhase.kt:166)
	at org.jetbrains.kotlin.backend.common.phaser.AbstractNamedCompilerPhase.invoke(CompilerPhase.kt:113)
	at org.jetbrains.kotlin.backend.common.phaser.CompositePhase.invoke(PhaseBuilders.kt:29)
	at org.jetbrains.kotlin.backend.common.phaser.CompositePhase.invoke(PhaseBuilders.kt:16)
	at org.jetbrains.kotlin.backend.common.phaser.NamedCompilerPhase.phaseBody(CompilerPhase.kt:166)
	at org.jetbrains.kotlin.backend.common.phaser.AbstractNamedCompilerPhase.invoke(CompilerPhase.kt:113)
	at org.jetbrains.kotlin.backend.common.phaser.CompilerPhaseKt.invokeToplevel(CompilerPhase.kt:62)
	at org.jetbrains.kotlin.backend.jvm.JvmIrCodegenFactory.invokeCodegen(JvmIrCodegenFactory.kt:371)
	at org.jetbrains.kotlin.codegen.CodegenFactory.generateModule(CodegenFactory.kt:47)
	at org.jetbrains.kotlin.backend.jvm.JvmIrCodegenFactory.generateModuleInFrontendIRMode(JvmIrCodegenFactory.kt:433)
	at org.jetbrains.kotlin.cli.jvm.compiler.pipeline.JvmCompilerPipelineKt.generateCodeFromIr(jvmCompilerPipeline.kt:241)
	at org.jetbrains.kotlin.cli.jvm.compiler.pipeline.JvmCompilerPipelineKt.compileModulesUsingFrontendIrAndLightTree(jvmCompilerPipeline.kt:140)
	at org.jetbrains.kotlin.cli.jvm.K2JVMCompiler.doExecute(K2JVMCompiler.kt:155)
	at org.jetbrains.kotlin.cli.jvm.K2JVMCompiler.doExecute(K2JVMCompiler.kt:50)
	at org.jetbrains.kotlin.cli.common.CLICompiler.execImpl(CLICompiler.kt:104)
	at org.jetbrains.kotlin.cli.common.CLICompiler.execImpl(CLICompiler.kt:48)
	at org.jetbrains.kotlin.cli.common.CLITool.exec(CLITool.kt:101)
	at org.jetbrains.kotlin.incremental.IncrementalJvmCompilerRunner.runCompiler(IncrementalJvmCompilerRunner.kt:453)
	at org.jetbrains.kotlin.incremental.IncrementalJvmCompilerRunner.runCompiler(IncrementalJvmCompilerRunner.kt:62)
	at org.jetbrains.kotlin.incremental.IncrementalCompilerRunner.doCompile(IncrementalCompilerRunner.kt:506)
	at org.jetbrains.kotlin.incremental.IncrementalCompilerRunner.compileImpl(IncrementalCompilerRunner.kt:423)
	at org.jetbrains.kotlin.incremental.IncrementalCompilerRunner.compileNonIncrementally(IncrementalCompilerRunner.kt:301)
	at org.jetbrains.kotlin.incremental.IncrementalCompilerRunner.compile(IncrementalCompilerRunner.kt:129)
	at org.jetbrains.kotlin.daemon.CompileServiceImplBase.execIncrementalCompiler(CompileServiceImpl.kt:676)
	at org.jetbrains.kotlin.daemon.CompileServiceImplBase.access$execIncrementalCompiler(CompileServiceImpl.kt:92)
	at org.jetbrains.kotlin.daemon.CompileServiceImpl.compile(CompileServiceImpl.kt:1661)
	at java.base/jdk.internal.reflect.DirectMethodHandleAccessor.invoke(Unknown Source)
	at java.base/java.lang.reflect.Method.invoke(Unknown Source)
	at java.rmi/sun.rmi.server.UnicastServerRef.dispatch(Unknown Source)
	at java.rmi/sun.rmi.transport.Transport$1.run(Unknown Source)
	at java.rmi/sun.rmi.transport.Transport$1.run(Unknown Source)
	at java.base/java.security.AccessController.doPrivileged(Unknown Source)
	at java.rmi/sun.rmi.transport.Transport.serviceCall(Unknown Source)
	at java.rmi/sun.rmi.transport.tcp.TCPTransport.handleMessages(Unknown Source)
	at java.rmi/sun.rmi.transport.tcp.TCPTransport$ConnectionHandler.run0(Unknown Source)
	at java.rmi/sun.rmi.transport.tcp.TCPTransport$ConnectionHandler.lambda$run$0(Unknown Source)
	at java.base/java.security.AccessController.doPrivileged(Unknown Source)
	at java.rmi/sun.rmi.transport.tcp.TCPTransport$ConnectionHandler.run(Unknown Source)
	at java.base/java.util.concurrent.ThreadPoolExecutor.runWorker(Unknown Source)
	at java.base/java.util.concurrent.ThreadPoolExecutor$Worker.run(Unknown Source)
	at java.base/java.lang.Thread.run(Unknown Source)
Caused by: java.lang.RuntimeException: Exception while generating code for:
FUN name:BasicScreen visibility:public modality:FINAL <State, Event> (viewModel:com.example.ui.base.BaseViewModel<State of com.example.ui.base.BasicScreenKt.BasicScreen, Event of com.example.ui.base.BasicScreenKt.BasicScreen, *>, toolbar:@[Composable] kotlin.Function0<kotlin.Unit>?, content:@[Composable] kotlin.Function1<@[ParameterName(name = "state")] State of com.example.ui.base.BasicScreenKt.BasicScreen, kotlin.Unit>, onEvent:kotlin.Function1<Event of com.example.ui.base.BasicScreenKt.BasicScreen, kotlin.Unit>?) returnType:kotlin.Unit
  annotations:
    Composable
  TYPE_PARAMETER name:State index:0 variance: superTypes:[com.example.ui.base.ViewState] reified:false
  TYPE_PARAMETER name:Event index:1 variance: superTypes:[com.example.ui.base.ViewEvent] reified:false
  VALUE_PARAMETER name:viewModel index:0 type:com.example.ui.base.BaseViewModel<State of com.example.ui.base.BasicScreenKt.BasicScreen, Event of com.example.ui.base.BasicScreenKt.BasicScreen, *>
  VALUE_PARAMETER name:toolbar index:1 type:@[Composable] kotlin.Function0<kotlin.Unit>?
    EXPRESSION_BODY
      ERROR_EXPR 'Default Stub' type=@[Composable] kotlin.Function0<kotlin.Unit>?
  VALUE_PARAMETER name:content index:2 type:@[Composable] kotlin.Function1<@[ParameterName(name = "state")] State of com.example.ui.base.BasicScreenKt.BasicScreen, kotlin.Unit>
  VALUE_PARAMETER name:onEvent index:3 type:kotlin.Function1<Event of com.example.ui.base.BasicScreenKt.BasicScreen, kotlin.Unit>?
    EXPRESSION_BODY
      ERROR_EXPR 'Default Stub' type=kotlin.Function1<Event of com.example.ui.base.BasicScreenKt.BasicScreen, kotlin.Unit>?
  BLOCK_BODY
    VAR PROPERTY_DELEGATE name:state$delegate type:androidx.compose.runtime.State<State of com.example.ui.base.BasicScreenKt.BasicScreen> [val]
      TYPE_OP type=androidx.compose.runtime.State<State of com.example.ui.base.BasicScreenKt.BasicScreen> origin=IMPLICIT_CAST typeOperand=androidx.compose.runtime.State<State of com.example.ui.base.BasicScreenKt.BasicScreen>
        CALL 'public final fun collectAsStateWithLifecycle$default <T> (lifecycleOwner: androidx.lifecycle.LifecycleOwner?, minActiveState: androidx.lifecycle.Lifecycle.State?, context: kotlin.coroutines.CoroutineContext?, $mask0: kotlin.Int, $handler: kotlin.Any?): androidx.compose.runtime.State<T of androidx.lifecycle.compose.FlowExtKt.collectAsStateWithLifecycle$default> declared in androidx.lifecycle.compose.FlowExtKt' type=androidx.compose.runtime.State<T of androidx.lifecycle.compose.FlowExtKt.collectAsStateWithLifecycle$default> origin=DEFAULT_DISPATCH_CALL
          <T>: State of com.example.ui.base.BasicScreenKt.BasicScreen
          $receiver: CALL 'public final fun <get-uiState> (): kotlinx.coroutines.flow.StateFlow<State of com.example.ui.base.BaseViewModel> declared in com.example.ui.base.BaseViewModel' type=kotlinx.coroutines.flow.StateFlow<State of com.example.ui.base.BasicScreenKt.BasicScreen> origin=GET_PROPERTY
            $this: GET_VAR 'viewModel: com.example.ui.base.BaseViewModel<State of com.example.ui.base.BasicScreenKt.BasicScreen, Event of com.example.ui.base.BasicScreenKt.BasicScreen, *> declared in com.example.ui.base.BasicScreenKt.BasicScreen' type=com.example.ui.base.BaseViewModel<State of com.example.ui.base.BasicScreenKt.BasicScreen, Event of com.example.ui.base.BasicScreenKt.BasicScreen, *> origin=null
          lifecycleOwner: COMPOSITE type=androidx.lifecycle.LifecycleOwner? origin=DEFAULT_VALUE
            CONST Null type=androidx.lifecycle.LifecycleOwner? value=null
          minActiveState: COMPOSITE type=androidx.lifecycle.Lifecycle.State? origin=DEFAULT_VALUE
            CONST Null type=androidx.lifecycle.Lifecycle.State? value=null
          context: COMPOSITE type=kotlin.coroutines.CoroutineContext? origin=DEFAULT_VALUE
            CONST Null type=kotlin.coroutines.CoroutineContext? value=null
          $mask0: CONST Int type=kotlin.Int value=7
          $handler: CONST Null type=kotlin.Any? value=null
    VAR name:lifecycleOwner type:androidx.lifecycle.LifecycleOwner [val]
      CALL 'public final fun <get-current> (): T of androidx.compose.runtime.CompositionLocal [inline] declared in androidx.compose.runtime.CompositionLocal' type=androidx.lifecycle.LifecycleOwner origin=GET_PROPERTY
        $this: TYPE_OP type=androidx.compose.runtime.CompositionLocal<T of androidx.compose.runtime.CompositionLocal> origin=IMPLICIT_CAST typeOperand=androidx.compose.runtime.CompositionLocal<T of androidx.compose.runtime.CompositionLocal>
          CALL 'public final fun <get-LocalLifecycleOwner> (): androidx.compose.runtime.ProvidableCompositionLocal<androidx.lifecycle.LifecycleOwner> declared in androidx.compose.ui.platform.AndroidCompositionLocals_androidKt' type=androidx.compose.runtime.ProvidableCompositionLocal<androidx.lifecycle.LifecycleOwner> origin=GET_PROPERTY
    CALL 'public final fun LaunchedEffect (key1: kotlin.Any?, block: @[ExtensionFunctionType] kotlin.coroutines.SuspendFunction1<kotlinx.coroutines.CoroutineScope, kotlin.Unit>): kotlin.Unit declared in androidx.compose.runtime.EffectsKt' type=kotlin.Unit origin=null
      key1: GET_FIELD 'FIELD FIELD_FOR_OBJECT_INSTANCE name:INSTANCE type:kotlin.Unit visibility:public [final,static]' type=kotlin.Unit origin=null
      block: BLOCK type=com.example.ui.base.BasicScreenKt.BasicScreen.<no name provided> origin=null
        CLASS SUSPEND_LAMBDA CLASS name:<no name provided> modality:FINAL visibility:public/*package*/ superTypes:[kotlin.coroutines.jvm.internal.SuspendLambda; kotlin.jvm.functions.Function2<kotlinx.coroutines.CoroutineScope, kotlin.coroutines.Continuation<kotlin.Unit>?, kotlin.Any?>]
          $this: VALUE_PARAMETER INSTANCE_RECEIVER name:<this> type:com.example.ui.base.BasicScreenKt.BasicScreen.<no name provided>
          FIELD name:label type:kotlin.Int visibility:public/*package*/
          CONSTRUCTOR SUSPEND_LAMBDA visibility:public/*package*/ <> ($lifecycleOwner:androidx.lifecycle.LifecycleOwner, $viewModel:com.example.ui.base.BaseViewModel<State of com.example.ui.base.BasicScreenKt.BasicScreen, Event of com.example.ui.base.BasicScreenKt.BasicScreen, *>, $onEvent:kotlin.Function1<Event of com.example.ui.base.BasicScreenKt.BasicScreen, kotlin.Unit>?, $completion:kotlin.coroutines.Continuation<com.example.ui.base.BasicScreenKt.BasicScreen.<no name provided>>?) returnType:com.example.ui.base.BasicScreenKt.BasicScreen.<no name provided> [primary]
            VALUE_PARAMETER BOUND_VALUE_PARAMETER name:$lifecycleOwner index:0 type:androidx.lifecycle.LifecycleOwner
            VALUE_PARAMETER BOUND_VALUE_PARAMETER name:$viewModel index:1 type:com.example.ui.base.BaseViewModel<State of com.example.ui.base.BasicScreenKt.BasicScreen, Event of com.example.ui.base.BasicScreenKt.BasicScreen, *>
            VALUE_PARAMETER BOUND_VALUE_PARAMETER name:$onEvent index:2 type:kotlin.Function1<Event of com.example.ui.base.BasicScreenKt.BasicScreen, kotlin.Unit>?
            VALUE_PARAMETER name:$completion index:3 type:kotlin.coroutines.Continuation<com.example.ui.base.BasicScreenKt.BasicScreen.<no name provided>>?
            BLOCK_BODY
              SET_FIELD 'FIELD FIELD_FOR_CAPTURED_VALUE name:$lifecycleOwner type:androidx.lifecycle.LifecycleOwner visibility:public/*package*/ [final]' type=kotlin.Unit origin=INITIALIZER_OF_FIELD_FOR_CAPTURED_VALUE
                receiver: GET_VAR '<this>: com.example.ui.base.BasicScreenKt.BasicScreen.<no name provided> declared in com.example.ui.base.BasicScreenKt.BasicScreen.<no name provided>' type=com.example.ui.base.BasicScreenKt.BasicScreen.<no name provided> origin=null
                value: GET_VAR '$lifecycleOwner: androidx.lifecycle.LifecycleOwner declared in com.example.ui.base.BasicScreenKt.BasicScreen.<no name provided>.<init>' type=androidx.lifecycle.LifecycleOwner origin=null
              SET_FIELD 'FIELD FIELD_FOR_CAPTURED_VALUE name:$viewModel type:com.example.ui.base.BaseViewModel<State of com.example.ui.base.BasicScreenKt.BasicScreen, Event of com.example.ui.base.BasicScreenKt.BasicScreen, *> visibility:public/*package*/ [final]' type=kotlin.Unit origin=INITIALIZER_OF_FIELD_FOR_CAPTURED_VALUE
                receiver: GET_VAR '<this>: com.example.ui.base.BasicScreenKt.BasicScreen.<no name provided> declared in com.example.ui.base.BasicScreenKt.BasicScreen.<no name provided>' type=com.example.ui.base.BasicScreenKt.BasicScreen.<no name provided> origin=null
                value: GET_VAR '$viewModel: com.example.ui.base.BaseViewModel<State of com.example.ui.base.BasicScreenKt.BasicScreen, Event of com.example.ui.base.BasicScreenKt.BasicScreen, *> declared in com.example.ui.base.BasicScreenKt.BasicScreen.<no name provided>.<init>' type=com.example.ui.base.BaseViewModel<State of com.example.ui.base.BasicScreenKt.BasicScreen, Event of com.example.ui.base.BasicScreenKt.BasicScreen, *> origin=null
              SET_FIELD 'FIELD FIELD_FOR_CAPTURED_VALUE name:$onEvent type:kotlin.Function1<Event of com.example.ui.base.BasicScreenKt.BasicScreen, kotlin.Unit>? visibility:public/*package*/ [final]' type=kotlin.Unit origin=INITIALIZER_OF_FIELD_FOR_CAPTURED_VALUE
                receiver: GET_VAR '<this>: com.example.ui.base.BasicScreenKt.BasicScreen.<no name provided> declared in com.example.ui.base.BasicScreenKt.BasicScreen.<no name provided>' type=com.example.ui.base.BasicScreenKt.BasicScreen.<no name provided> origin=null
                value: GET_VAR '$onEvent: kotlin.Function1<Event of com.example.ui.base.BasicScreenKt.BasicScreen, kotlin.Unit>? declared in com.example.ui.base.BasicScreenKt.BasicScreen.<no name provided>.<init>' type=kotlin.Function1<Event of com.example.ui.base.BasicScreenKt.BasicScreen, kotlin.Unit>? origin=null
              DELEGATING_CONSTRUCTOR_CALL 'public constructor <init> (arity: kotlin.Int, $completion: kotlin.coroutines.Continuation<kotlin.Any?>?) declared in kotlin.coroutines.jvm.internal.SuspendLambda'
                arity: CONST Int type=kotlin.Int value=2
                $completion: GET_VAR '$completion: kotlin.coroutines.Continuation<com.example.ui.base.BasicScreenKt.BasicScreen.<no name provided>>? declared in com.example.ui.base.BasicScreenKt.BasicScreen.<no name provided>.<init>' type=kotlin.coroutines.Continuation<com.example.ui.base.BasicScreenKt.BasicScreen.<no name provided>>? origin=null
              BLOCK type=kotlin.Unit origin=null
          FUN name:invokeSuspend visibility:public modality:FINAL <> ($this:com.example.ui.base.BasicScreenKt.BasicScreen.<no name provided>, $result:kotlin.Result<kotlin.Any?>) returnType:kotlin.Any?
            overridden:
              protected abstract fun invokeSuspend ($result: kotlin.Result<kotlin.Any?>): kotlin.Any? declared in kotlin.coroutines.jvm.internal.SuspendLambda
            $this: VALUE_PARAMETER INSTANCE_RECEIVER name:<this> type:com.example.ui.base.BasicScreenKt.BasicScreen.<no name provided>
            VALUE_PARAMETER name:$result index:0 type:kotlin.Result<kotlin.Any?>
            BLOCK_BODY
              CALL 'public final fun repeatOnLifecycle (state: androidx.lifecycle.Lifecycle.State, block: @[ExtensionFunctionType] kotlin.coroutines.SuspendFunction1<kotlinx.coroutines.CoroutineScope, kotlin.Unit>, $completion: kotlin.coroutines.Continuation<kotlin.Unit>): kotlin.Any? [suspend] declared in androidx.lifecycle.RepeatOnLifecycleKt' type=kotlin.Unit origin=null
                $receiver: CALL 'public abstract fun <get-lifecycle> (): androidx.lifecycle.Lifecycle declared in androidx.lifecycle.LifecycleOwner' type=androidx.lifecycle.Lifecycle origin=GET_PROPERTY
                  $this: GET_FIELD 'FIELD FIELD_FOR_CAPTURED_VALUE name:$lifecycleOwner type:androidx.lifecycle.LifecycleOwner visibility:public/*package*/ [final]' type=androidx.lifecycle.LifecycleOwner origin=null
                    receiver: GET_VAR '<this>: com.example.ui.base.BasicScreenKt.BasicScreen.<no name provided> declared in com.example.ui.base.BasicScreenKt.BasicScreen.<no name provided>.invokeSuspend' type=com.example.ui.base.BasicScreenKt.BasicScreen.<no name provided> origin=null
                state: GET_FIELD 'FIELD FIELD_FOR_ENUM_ENTRY name:STARTED type:androidx.lifecycle.Lifecycle.State visibility:public [final,static]' type=androidx.lifecycle.Lifecycle.State origin=null
                block: BLOCK type=com.example.ui.base.BasicScreenKt.BasicScreen.<no name provided>.invokeSuspend.<no name provided> origin=null
                  CLASS SUSPEND_LAMBDA CLASS name:<no name provided> modality:FINAL visibility:public/*package*/ superTypes:[kotlin.coroutines.jvm.internal.SuspendLambda; kotlin.jvm.functions.Function2<kotlinx.coroutines.CoroutineScope, kotlin.coroutines.Continuation<kotlin.Unit>?, kotlin.Any?>]
                    $this: VALUE_PARAMETER INSTANCE_RECEIVER name:<this> type:com.example.ui.base.BasicScreenKt.BasicScreen.<no name provided>.invokeSuspend.<no name provided>
                    FIELD name:label type:kotlin.Int visibility:public/*package*/
                    CONSTRUCTOR SUSPEND_LAMBDA visibility:public/*package*/ <> ($viewModel:com.example.ui.base.BaseViewModel<State of com.example.ui.base.BasicScreenKt.BasicScreen, Event of com.example.ui.base.BasicScreenKt.BasicScreen, *>, $onEvent:kotlin.Function1<Event of com.example.ui.base.BasicScreenKt.BasicScreen, kotlin.Unit>?, $completion:kotlin.coroutines.Continuation<com.example.ui.base.BasicScreenKt.BasicScreen.<no name provided>.invokeSuspend.<no name provided>>?) returnType:com.example.ui.base.BasicScreenKt.BasicScreen.<no name provided>.invokeSuspend.<no name provided> [primary]
                      VALUE_PARAMETER BOUND_VALUE_PARAMETER name:$viewModel index:0 type:com.example.ui.base.BaseViewModel<State of com.example.ui.base.BasicScreenKt.BasicScreen, Event of com.example.ui.base.BasicScreenKt.BasicScreen, *>
                      VALUE_PARAMETER BOUND_VALUE_PARAMETER name:$onEvent index:1 type:kotlin.Function1<Event of com.example.ui.base.BasicScreenKt.BasicScreen, kotlin.Unit>?
                      VALUE_PARAMETER name:$completion index:2 type:kotlin.coroutines.Continuation<com.example.ui.base.BasicScreenKt.BasicScreen.<no name provided>.invokeSuspend.<no name provided>>?
                      BLOCK_BODY
                        SET_FIELD 'FIELD FIELD_FOR_CAPTURED_VALUE name:$viewModel type:com.example.ui.base.BaseViewModel<State of com.example.ui.base.BasicScreenKt.BasicScreen, Event of com.example.ui.base.BasicScreenKt.BasicScreen, *> visibility:public/*package*/ [final]' type=kotlin.Unit origin=INITIALIZER_OF_FIELD_FOR_CAPTURED_VALUE
                          receiver: GET_VAR '<this>: com.example.ui.base.BasicScreenKt.BasicScreen.<no name provided>.invokeSuspend.<no name provided> declared in com.example.ui.base.BasicScreenKt.BasicScreen.<no name provided>.invokeSuspend.<no name provided>' type=com.example.ui.base.BasicScreenKt.BasicScreen.<no name provided>.invokeSuspend.<no name provided> origin=null
                          value: GET_VAR '$viewModel: com.example.ui.base.BaseViewModel<State of com.example.ui.base.BasicScreenKt.BasicScreen, Event of com.example.ui.base.BasicScreenKt.BasicScreen, *> declared in com.example.ui.base.BasicScreenKt.BasicScreen.<no name provided>.invokeSuspend.<no name provided>.<init>' type=com.example.ui.base.BaseViewModel<State of com.example.ui.base.BasicScreenKt.BasicScreen, Event of com.example.ui.base.BasicScreenKt.BasicScreen, *> origin=null
                        SET_FIELD 'FIELD FIELD_FOR_CAPTURED_VALUE name:$onEvent type:kotlin.Function1<Event of com.example.ui.base.BasicScreenKt.BasicScreen, kotlin.Unit>? visibility:public/*package*/ [final]' type=kotlin.Unit origin=INITIALIZER_OF_FIELD_FOR_CAPTURED_VALUE
                          receiver: GET_VAR '<this>: com.example.ui.base.BasicScreenKt.BasicScreen.<no name provided>.invokeSuspend.<no name provided> declared in com.example.ui.base.BasicScreenKt.BasicScreen.<no name provided>.invokeSuspend.<no name provided>' type=com.example.ui.base.BasicScreenKt.BasicScreen.<no name provided>.invokeSuspend.<no name provided> origin=null
                          value: GET_VAR '$onEvent: kotlin.Function1<Event of com.example.ui.base.BasicScreenKt.BasicScreen, kotlin.Unit>? declared in com.example.ui.base.BasicScreenKt.BasicScreen.<no name provided>.invokeSuspend.<no name provided>.<init>' type=kotlin.Function1<Event of com.example.ui.base.BasicScreenKt.BasicScreen, kotlin.Unit>? origin=null
                        DELEGATING_CONSTRUCTOR_CALL 'public constructor <init> (arity: kotlin.Int, $completion: kotlin.coroutines.Continuation<kotlin.Any?>?) declared in kotlin.coroutines.jvm.internal.SuspendLambda'
                          arity: CONST Int type=kotlin.Int value=2
                          $completion: GET_VAR '$completion: kotlin.coroutines.Continuation<com.example.ui.base.BasicScreenKt.BasicScreen.<no name provided>.invokeSuspend.<no name provided>>? declared in com.example.ui.base.BasicScreenKt.BasicScreen.<no name provided>.invokeSuspend.<no name provided>.<init>' type=kotlin.coroutines.Continuation<com.example.ui.base.BasicScreenKt.BasicScreen.<no name provided>.invokeSuspend.<no name provided>>? origin=null
                        BLOCK type=kotlin.Unit origin=null
                    FUN name:invokeSuspend visibility:public modality:FINAL <> ($this:com.example.ui.base.BasicScreenKt.BasicScreen.<no name provided>.invokeSuspend.<no name provided>, $result:kotlin.Result<kotlin.Any?>) returnType:kotlin.Any?
                      overridden:
                        protected abstract fun invokeSuspend ($result: kotlin.Result<kotlin.Any?>): kotlin.Any? declared in kotlin.coroutines.jvm.internal.SuspendLambda
                      $this: VALUE_PARAMETER INSTANCE_RECEIVER name:<this> type:com.example.ui.base.BasicScreenKt.BasicScreen.<no name provided>.invokeSuspend.<no name provided>
                      VALUE_PARAMETER name:$result index:0 type:kotlin.Result<kotlin.Any?>
                      BLOCK_BODY
                        CALL 'public abstract fun collect (collector: kotlinx.coroutines.flow.FlowCollector<T of kotlinx.coroutines.flow.Flow>, $completion: kotlin.coroutines.Continuation<kotlin.Unit>): kotlin.Any? [suspend] declared in kotlinx.coroutines.flow.Flow' type=kotlin.Unit origin=null
                          $this: CALL 'public final fun <get-uiEvent> (): kotlinx.coroutines.flow.Flow<Event of com.example.ui.base.BaseViewModel> declared in com.example.ui.base.BaseViewModel' type=kotlinx.coroutines.flow.Flow<Event of com.example.ui.base.BasicScreenKt.BasicScreen> origin=GET_PROPERTY
                            $this: GET_FIELD 'FIELD FIELD_FOR_CAPTURED_VALUE name:$viewModel type:com.example.ui.base.BaseViewModel<State of com.example.ui.base.BasicScreenKt.BasicScreen, Event of com.example.ui.base.BasicScreenKt.BasicScreen, *> visibility:public/*package*/ [final]' type=com.example.ui.base.BaseViewModel<State of com.example.ui.base.BasicScreenKt.BasicScreen, Event of com.example.ui.base.BasicScreenKt.BasicScreen, *> origin=null
                              receiver: GET_VAR '<this>: com.example.ui.base.BasicScreenKt.BasicScreen.<no name provided>.invokeSuspend.<no name provided> declared in com.example.ui.base.BasicScreenKt.BasicScreen.<no name provided>.invokeSuspend.<no name provided>.invokeSuspend' type=com.example.ui.base.BasicScreenKt.BasicScreen.<no name provided>.invokeSuspend.<no name provided> origin=null
                          collector: BLOCK type=com.example.ui.base.BasicScreenKt.BasicScreen.<no name provided>.invokeSuspend.<no name provided>.invokeSuspend.<no name provided><T of com.example.ui.base.BasicScreenKt.BasicScreen.<no name provided>.invokeSuspend.<no name provided>.invokeSuspend.<no name provided>> origin=null
                            CLASS LAMBDA_IMPL CLASS name:<no name provided> modality:FINAL visibility:public/*package*/ superTypes:[@[RawType] kotlinx.coroutines.flow.FlowCollector<T of kotlinx.coroutines.flow.FlowCollector>]
                              $this: VALUE_PARAMETER INSTANCE_RECEIVER name:<this> type:com.example.ui.base.BasicScreenKt.BasicScreen.<no name provided>.invokeSuspend.<no name provided>.invokeSuspend.<no name provided><T of com.example.ui.base.BasicScreenKt.BasicScreen.<no name provided>.invokeSuspend.<no name provided>.invokeSuspend.<no name provided>>
                              TYPE_PARAMETER name:T index:0 variance:in superTypes:[kotlin.Any?] reified:false
                              CONSTRUCTOR GENERATED_MEMBER_IN_CALLABLE_REFERENCE visibility:public/*package*/ <> ($onEvent:kotlin.Function1<Event of com.example.ui.base.BasicScreenKt.BasicScreen, kotlin.Unit>?) returnType:com.example.ui.base.BasicScreenKt.BasicScreen.<no name provided>.invokeSuspend.<no name provided>.invokeSuspend.<no name provided><T of com.example.ui.base.BasicScreenKt.BasicScreen.<no name provided>.invokeSuspend.<no name provided>.invokeSuspend.<no name provided>> [primary]
                                VALUE_PARAMETER BOUND_VALUE_PARAMETER name:$onEvent index:0 type:kotlin.Function1<Event of com.example.ui.base.BasicScreenKt.BasicScreen, kotlin.Unit>?
                                BLOCK_BODY
                                  SET_FIELD 'FIELD FIELD_FOR_CAPTURED_VALUE name:$onEvent type:kotlin.Function1<Event of com.example.ui.base.BasicScreenKt.BasicScreen, kotlin.Unit>? visibility:public/*package*/ [final]' type=kotlin.Unit origin=INITIALIZER_OF_FIELD_FOR_CAPTURED_VALUE
                                    receiver: GET_VAR '<this>: com.example.ui.base.BasicScreenKt.BasicScreen.<no name provided>.invokeSuspend.<no name provided>.invokeSuspend.<no name provided><T of com.example.ui.base.BasicScreenKt.BasicScreen.<no name provided>.invokeSuspend.<no name provided>.invokeSuspend.<no name provided>> declared in com.example.ui.base.BasicScreenKt.BasicScreen.<no name provided>.invokeSuspend.<no name provided>.invokeSuspend.<no name provided>' type=com.example.ui.base.BasicScreenKt.BasicScreen.<no name provided>.invokeSuspend.<no name provided>.invokeSuspend.<no name provided><T of com.example.ui.base.BasicScreenKt.BasicScreen.<no name provided>.invokeSuspend.<no name provided>.invokeSuspend.<no name provided>> origin=null
                                    value: GET_VAR '$onEvent: kotlin.Function1<Event of com.example.ui.base.BasicScreenKt.BasicScreen, kotlin.Unit>? declared in com.example.ui.base.BasicScreenKt.BasicScreen.<no name provided>.invokeSuspend.<no name provided>.invokeSuspend.<no name provided>.<init>' type=kotlin.Function1<Event of com.example.ui.base.BasicScreenKt.BasicScreen, kotlin.Unit>? origin=null
                                  DELEGATING_CONSTRUCTOR_CALL 'public constructor <init> () [primary] declared in kotlin.Any'
                                  BLOCK type=kotlin.Unit origin=null
                              FUN name:emit visibility:public modality:FINAL <> ($this:com.example.ui.base.BasicScreenKt.BasicScreen.<no name provided>.invokeSuspend.<no name provided>.invokeSuspend.<no name provided><T of com.example.ui.base.BasicScreenKt.BasicScreen.<no name provided>.invokeSuspend.<no name provided>.invokeSuspend.<no name provided>>, it:Event of com.example.ui.base.BasicScreenKt.BasicScreen, $completion:kotlin.coroutines.Continuation<kotlin.Unit>) returnType:kotlin.Any? [suspend]
                                overridden:
                                  public abstract fun emit (value: T of kotlinx.coroutines.flow.FlowCollector, $completion: kotlin.coroutines.Continuation<kotlin.Unit>): kotlin.Any? [suspend] declared in kotlinx.coroutines.flow.FlowCollector
                                $this: VALUE_PARAMETER INSTANCE_RECEIVER name:<this> type:com.example.ui.base.BasicScreenKt.BasicScreen.<no name provided>.invokeSuspend.<no name provided>.invokeSuspend.<no name provided><T of com.example.ui.base.BasicScreenKt.BasicScreen.<no name provided>.invokeSuspend.<no name provided>.invokeSuspend.<no name provided>>
                                VALUE_PARAMETER name:it index:0 type:Event of com.example.ui.base.BasicScreenKt.BasicScreen
                                VALUE_PARAMETER CONTINUATION_CLASS name:$completion index:1 type:kotlin.coroutines.Continuation<kotlin.Unit>
                                BLOCK_BODY
                                  CLASS CONTINUATION_CLASS CLASS name:<Continuation> modality:FINAL visibility:public/*package*/ superTypes:[kotlin.coroutines.jvm.internal.ContinuationImpl]
                                    $this: VALUE_PARAMETER INSTANCE_RECEIVER name:<this> type:com.example.ui.base.BasicScreenKt.BasicScreen.<no name provided>.invokeSuspend.<no name provided>.invokeSuspend.<no name provided>.emit.<Continuation>
                                    FIELD CONTINUATION_CLASS_RESULT_FIELD name:result type:kotlin.Result<kotlin.Any?> visibility:public/*package*/
                                    FIELD FIELD_FOR_OUTER_THIS name:this$0 type:com.example.ui.base.BasicScreenKt.BasicScreen.<no name provided>.invokeSuspend.<no name provided>.invokeSuspend.<no name provided><T of com.example.ui.base.BasicScreenKt.BasicScreen.<no name provided>.invokeSuspend.<no name provided>.invokeSuspend.<no name provided>> visibility:public/*package*/ [final]
                                    FIELD name:label type:kotlin.Int visibility:public/*package*/
                                    CONSTRUCTOR visibility:public/*package*/ <> (this$0:com.example.ui.base.BasicScreenKt.BasicScreen.<no name provided>.invokeSuspend.<no name provided>.invokeSuspend.<no name provided><T of com.example.ui.base.BasicScreenKt.BasicScreen.<no name provided>.invokeSuspend.<no name provided>.invokeSuspend.<no name provided>>, $completion:kotlin.coroutines.Continuation<com.example.ui.base.BasicScreenKt.BasicScreen.<no name provided>.invokeSuspend.<no name provided>.invokeSuspend.<no name provided>.emit.<Continuation>>?) returnType:com.example.ui.base.BasicScreenKt.BasicScreen.<no name provided>.invokeSuspend.<no name provided>.invokeSuspend.<no name provided>.emit.<Continuation> [primary]
                                      VALUE_PARAMETER name:this$0 index:0 type:com.example.ui.base.BasicScreenKt.BasicScreen.<no name provided>.invokeSuspend.<no name provided>.invokeSuspend.<no name provided><T of com.example.ui.base.BasicScreenKt.BasicScreen.<no name provided>.invokeSuspend.<no name provided>.invokeSuspend.<no name provided>>
                                      VALUE_PARAMETER name:$completion index:1 type:kotlin.coroutines.Continuation<com.example.ui.base.BasicScreenKt.BasicScreen.<no name provided>.invokeSuspend.<no name provided>.invokeSuspend.<no name provided>.emit.<Continuation>>?
                                      BLOCK_BODY
                                        SET_FIELD 'FIELD FIELD_FOR_OUTER_THIS name:this$0 type:com.example.ui.base.BasicScreenKt.BasicScreen.<no name provided>.invokeSuspend.<no name provided>.invokeSuspend.<no name provided><T of com.example.ui.base.BasicScreenKt.BasicScreen.<no name provided>.invokeSuspend.<no name provided>.invokeSuspend.<no name provided>> visibility:public/*package*/ [final]' type=kotlin.Unit origin=null
                                          receiver: GET_VAR '<this>: com.example.ui.base.BasicScreenKt.BasicScreen.<no name provided>.invokeSuspend.<no name provided>.invokeSuspend.<no name provided>.emit.<Continuation> declared in com.example.ui.base.BasicScreenKt.BasicScreen.<no name provided>.invokeSuspend.<no name provided>.invokeSuspend.<no name provided>.emit.<Continuation>' type=com.example.ui.base.BasicScreenKt.BasicScreen.<no name provided>.invokeSuspend.<no name provided>.invokeSuspend.<no name provided>.emit.<Continuation> origin=null
                                          value: GET_VAR 'this$0: com.example.ui.base.BasicScreenKt.BasicScreen.<no name provided>.invokeSuspend.<no name provided>.invokeSuspend.<no name provided><T of com.example.ui.base.BasicScreenKt.BasicScreen.<no name provided>.invokeSuspend.<no name provided>.invokeSuspend.<no name provided>> declared in com.example.ui.base.BasicScreenKt.BasicScreen.<no name provided>.invokeSuspend.<no name provided>.invokeSuspend.<no name provided>.emit.<Continuation>.<init>' type=com.example.ui.base.BasicScreenKt.BasicScreen.<no name provided>.invokeSuspend.<no name provided>.invokeSuspend.<no name provided><T of com.example.ui.base.BasicScreenKt.BasicScreen.<no name provided>.invokeSuspend.<no name provided>.invokeSuspend.<no name provided>> origin=null
                                        DELEGATING_CONSTRUCTOR_CALL 'public constructor <init> ($completion: kotlin.coroutines.Continuation<kotlin.Any?>?) declared in kotlin.coroutines.jvm.internal.ContinuationImpl'
                                          $completion: GET_VAR '$completion: kotlin.coroutines.Continuation<com.example.ui.base.BasicScreenKt.BasicScreen.<no name provided>.invokeSuspend.<no name provided>.invokeSuspend.<no name provided>.emit.<Continuation>>? declared in com.example.ui.base.BasicScreenKt.BasicScreen.<no name provided>.invokeSuspend.<no name provided>.invokeSuspend.<no name provided>.emit.<Continuation>.<init>' type=kotlin.coroutines.Continuation<com.example.ui.base.BasicScreenKt.BasicScreen.<no name provided>.invokeSuspend.<no name provided>.invokeSuspend.<no name provided>.emit.<Continuation>>? origin=null
                                    FUN name:invokeSuspend visibility:public modality:FINAL <> ($this:com.example.ui.base.BasicScreenKt.BasicScreen.<no name provided>.invokeSuspend.<no name provided>.invokeSuspend.<no name provided>.emit.<Continuation>, $result:kotlin.Result<kotlin.Any?>) returnType:kotlin.Any?
                                      overridden:
                                        public abstract fun invokeSuspend ($result: kotlin.Result<kotlin.Any?>): kotlin.Any? declared in kotlin.coroutines.jvm.internal.ContinuationImpl
                                      $this: VALUE_PARAMETER INSTANCE_RECEIVER name:<this> type:com.example.ui.base.BasicScreenKt.BasicScreen.<no name provided>.invokeSuspend.<no name provided>.invokeSuspend.<no name provided>.emit.<Continuation>
                                      VALUE_PARAMETER name:$result index:0 type:kotlin.Result<kotlin.Any?>
                                      BLOCK_BODY
                                        SET_FIELD 'FIELD CONTINUATION_CLASS_RESULT_FIELD name:result type:kotlin.Result<kotlin.Any?> visibility:public/*package*/' type=kotlin.Unit origin=null
                                          receiver: GET_VAR '<this>: com.example.ui.base.BasicScreenKt.BasicScreen.<no name provided>.invokeSuspend.<no name provided>.invokeSuspend.<no name provided>.emit.<Continuation> declared in com.example.ui.base.BasicScreenKt.BasicScreen.<no name provided>.invokeSuspend.<no name provided>.invokeSuspend.<no name provided>.emit.<Continuation>.invokeSuspend' type=com.example.ui.base.BasicScreenKt.BasicScreen.<no name provided>.invokeSuspend.<no name provided>.invokeSuspend.<no name provided>.emit.<Continuation> origin=null
                                          value: GET_VAR '$result: kotlin.Result<kotlin.Any?> declared in com.example.ui.base.BasicScreenKt.BasicScreen.<no name provided>.invokeSuspend.<no name provided>.invokeSuspend.<no name provided>.emit.<Continuation>.invokeSuspend' type=kotlin.Result<kotlin.Any?> origin=null
                                        SET_FIELD 'FIELD name:label type:kotlin.Int visibility:public/*package*/' type=kotlin.Unit origin=null
                                          receiver: GET_VAR '<this>: com.example.ui.base.BasicScreenKt.BasicScreen.<no name provided>.invokeSuspend.<no name provided>.invokeSuspend.<no name provided>.emit.<Continuation> declared in com.example.ui.base.BasicScreenKt.BasicScreen.<no name provided>.invokeSuspend.<no name provided>.invokeSuspend.<no name provided>.emit.<Continuation>.invokeSuspend' type=com.example.ui.base.BasicScreenKt.BasicScreen.<no name provided>.invokeSuspend.<no name provided>.invokeSuspend.<no name provided>.emit.<Continuation> origin=null
                                          value: CALL 'public final fun or (other: kotlin.Int): kotlin.Int [infix] declared in kotlin.Int' type=kotlin.Int origin=null
                                            $this: GET_FIELD 'FIELD name:label type:kotlin.Int visibility:public/*package*/' type=kotlin.Int origin=null
                                              receiver: GET_VAR '<this>: com.example.ui.base.BasicScreenKt.BasicScreen.<no name provided>.invokeSuspend.<no name provided>.invokeSuspend.<no name provided>.emit.<Continuation> declared in com.example.ui.base.BasicScreenKt.BasicScreen.<no name provided>.invokeSuspend.<no name provided>.invokeSuspend.<no name provided>.emit.<Continuation>.invokeSuspend' type=com.example.ui.base.BasicScreenKt.BasicScreen.<no name provided>.invokeSuspend.<no name provided>.invokeSuspend.<no name provided>.emit.<Continuation> origin=null
                                            other: CONST Int type=kotlin.Int value=-2147483648
                                        RETURN type=kotlin.Nothing from='public final fun invokeSuspend ($result: kotlin.Result<kotlin.Any?>): kotlin.Any? declared in com.example.ui.base.BasicScreenKt.BasicScreen.<no name provided>.invokeSuspend.<no name provided>.invokeSuspend.<no name provided>.emit.<Continuation>'
                                          CALL 'public final fun emit (it: Event of com.example.ui.base.BasicScreenKt.BasicScreen, $completion: kotlin.coroutines.Continuation<kotlin.Unit>): kotlin.Any? [suspend] declared in com.example.ui.base.BasicScreenKt.BasicScreen.<no name provided>.invokeSuspend.<no name provided>.invokeSuspend.<no name provided>' type=kotlin.Any? origin=null
                                            $this: GET_FIELD 'FIELD FIELD_FOR_OUTER_THIS name:this$0 type:com.example.ui.base.BasicScreenKt.BasicScreen.<no name provided>.invokeSuspend.<no name provided>.invokeSuspend.<no name provided><T of com.example.ui.base.BasicScreenKt.BasicScreen.<no name provided>.invokeSuspend.<no name provided>.invokeSuspend.<no name provided>> visibility:public/*package*/ [final]' type=com.example.ui.base.BasicScreenKt.BasicScreen.<no name provided>.invokeSuspend.<no name provided>.invokeSuspend.<no name provided><T of com.example.ui.base.BasicScreenKt.BasicScreen.<no name provided>.invokeSuspend.<no name provided>.invokeSuspend.<no name provided>> origin=null
                                              receiver: GET_VAR '<this>: com.example.ui.base.BasicScreenKt.BasicScreen.<no name provided>.invokeSuspend.<no name provided>.invokeSuspend.<no name provided>.emit.<Continuation> declared in com.example.ui.base.BasicScreenKt.BasicScreen.<no name provided>.invokeSuspend.<no name provided>.invokeSuspend.<no name provided>.emit.<Continuation>.invokeSuspend' type=com.example.ui.base.BasicScreenKt.BasicScreen.<no name provided>.invokeSuspend.<no name provided>.invokeSuspend.<no name provided>.emit.<Continuation> origin=null
                                            it: CONST Null type=com.example.ui.base.ViewEvent? value=null
                                            $completion: GET_VAR '<this>: com.example.ui.base.BasicScreenKt.BasicScreen.<no name provided>.invokeSuspend.<no name provided>.invokeSuspend.<no name provided>.emit.<Continuation> declared in com.example.ui.base.BasicScreenKt.BasicScreen.<no name provided>.invokeSuspend.<no name provided>.invokeSuspend.<no name provided>.emit.<Continuation>.invokeSuspend' type=com.example.ui.base.BasicScreenKt.BasicScreen.<no name provided>.invokeSuspend.<no name provided>.invokeSuspend.<no name provided>.emit.<Continuation> origin=null
                                  COMPOSITE type=kotlin.Unit origin=null
                                    BLOCK type=kotlin.Unit? origin=FOLDED_SAFE_CALL
                                      WHEN type=kotlin.Unit? origin=FOLDED_SAFE_CALL
                                        BRANCH
                                          if: COMPOSITE type=kotlin.Boolean origin=null
                                            VAR IR_TEMPORARY_VARIABLE name:tmp0_safe_receiver type:kotlin.Function1<Event of com.example.ui.base.BasicScreenKt.BasicScreen, kotlin.Unit>? [val]
                                              GET_FIELD 'FIELD FIELD_FOR_CAPTURED_VALUE name:$onEvent type:kotlin.Function1<Event of com.example.ui.base.BasicScreenKt.BasicScreen, kotlin.Unit>? visibility:public/*package*/ [final]' type=kotlin.Function1<Event of com.example.ui.base.BasicScreenKt.BasicScreen, kotlin.Unit>? origin=null
                                                receiver: GET_VAR '<this>: com.example.ui.base.BasicScreenKt.BasicScreen.<no name provided>.invokeSuspend.<no name provided>.invokeSuspend.<no name provided><T of com.example.ui.base.BasicScreenKt.BasicScreen.<no name provided>.invokeSuspend.<no name provided>.invokeSuspend.<no name provided>> declared in com.example.ui.base.BasicScreenKt.BasicScreen.<no name provided>.invokeSuspend.<no name provided>.invokeSuspend.<no name provided>.emit' type=com.example.ui.base.BasicScreenKt.BasicScreen.<no name provided>.invokeSuspend.<no name provided>.invokeSuspend.<no name provided><T of com.example.ui.base.BasicScreenKt.BasicScreen.<no name provided>.invokeSuspend.<no name provided>.invokeSuspend.<no name provided>> origin=null
                                            CALL 'public final fun not (): kotlin.Boolean [operator] declared in kotlin.Boolean' type=kotlin.Boolean origin=null
                                              $this: CALL 'public final fun EQEQ (arg0: kotlin.Any?, arg1: kotlin.Any?): kotlin.Boolean declared in kotlin.internal.ir' type=kotlin.Boolean origin=null
                                                arg0: GET_VAR 'val tmp0_safe_receiver: kotlin.Function1<Event of com.example.ui.base.BasicScreenKt.BasicScreen, kotlin.Unit>? [val] declared in com.example.ui.base.BasicScreenKt.BasicScreen.<no name provided>.invokeSuspend.<no name provided>.invokeSuspend.<no name provided>.emit' type=kotlin.Function1<Event of com.example.ui.base.BasicScreenKt.BasicScreen, kotlin.Unit>? origin=null
                                                arg1: CONST Null type=kotlin.Nothing? value=null
                                          then: CALL 'public abstract fun invoke (p1: P1 of kotlin.Function1): R of kotlin.Function1 [operator] declared in kotlin.Function1' type=kotlin.Unit origin=INVOKE
                                            $this: GET_VAR 'val tmp0_safe_receiver: kotlin.Function1<Event of com.example.ui.base.BasicScreenKt.BasicScreen, kotlin.Unit>? [val] declared in com.example.ui.base.BasicScreenKt.BasicScreen.<no name provided>.invokeSuspend.<no name provided>.invokeSuspend.<no name provided>.emit' type=kotlin.Function1<Event of com.example.ui.base.BasicScreenKt.BasicScreen, kotlin.Unit>? origin=null
                                            p1: GET_VAR 'it: Event of com.example.ui.base.BasicScreenKt.BasicScreen declared in com.example.ui.base.BasicScreenKt.BasicScreen.<no name provided>.invokeSuspend.<no name provided>.invokeSuspend.<no name provided>.emit' type=Event of com.example.ui.base.BasicScreenKt.BasicScreen origin=null
                                        BRANCH
                                          if: CONST Boolean type=kotlin.Boolean value=true
                                          then: CONST Null type=kotlin.Nothing? value=null
                              FUN FAKE_OVERRIDE name:equals visibility:public modality:OPEN <> ($this:kotlin.Any, other:kotlin.Any?) returnType:kotlin.Boolean [fake_override,operator]
                                overridden:
                                  public open fun equals (other: kotlin.Any?): kotlin.Boolean [fake_override,operator] declared in kotlinx.coroutines.flow.FlowCollector
                                $this: VALUE_PARAMETER name:<this> type:kotlin.Any
                                VALUE_PARAMETER name:other index:0 type:kotlin.Any?
                              FUN FAKE_OVERRIDE name:hashCode visibility:public modality:OPEN <> ($this:kotlin.Any) returnType:kotlin.Int [fake_override]
                                overridden:
                                  public open fun hashCode (): kotlin.Int [fake_override] declared in kotlinx.coroutines.flow.FlowCollector
                                $this: VALUE_PARAMETER name:<this> type:kotlin.Any
                              FUN FAKE_OVERRIDE name:toString visibility:public modality:OPEN <> ($this:kotlin.Any) returnType:kotlin.String [fake_override]
                                overridden:
                                  public open fun toString (): kotlin.String [fake_override] declared in kotlinx.coroutines.flow.FlowCollector
                                $this: VALUE_PARAMETER name:<this> type:kotlin.Any
                              FIELD FIELD_FOR_CAPTURED_VALUE name:$onEvent type:kotlin.Function1<Event of com.example.ui.base.BasicScreenKt.BasicScreen, kotlin.Unit>? visibility:public/*package*/ [final]
                              FUN BRIDGE name:emit visibility:public modality:OPEN <> ($this:com.example.ui.base.BasicScreenKt.BasicScreen.<no name provided>.invokeSuspend.<no name provided>.invokeSuspend.<no name provided><T of com.example.ui.base.BasicScreenKt.BasicScreen.<no name provided>.invokeSuspend.<no name provided>.invokeSuspend.<no name provided>>, value:kotlin.Any?, $completion:kotlin.coroutines.Continuation<kotlin.Unit>) returnType:kotlin.Any? [suspend]
                                $this: VALUE_PARAMETER INSTANCE_RECEIVER name:<this> type:com.example.ui.base.BasicScreenKt.BasicScreen.<no name provided>.invokeSuspend.<no name provided>.invokeSuspend.<no name provided><T of com.example.ui.base.BasicScreenKt.BasicScreen.<no name provided>.invokeSuspend.<no name provided>.invokeSuspend.<no name provided>>
                                VALUE_PARAMETER BRIDGE name:value index:0 type:kotlin.Any?
                                VALUE_PARAMETER BRIDGE name:$completion index:1 type:kotlin.coroutines.Continuation<kotlin.Unit>
                                EXPRESSION_BODY
                                  RETURN type=kotlin.Nothing from='public open fun emit (value: kotlin.Any?, $completion: kotlin.coroutines.Continuation<kotlin.Unit>): kotlin.Any? [suspend] declared in com.example.ui.base.BasicScreenKt.BasicScreen.<no name provided>.invokeSuspend.<no name provided>.invokeSuspend.<no name provided>'
                                    CALL 'public final fun emit (it: Event of com.example.ui.base.BasicScreenKt.BasicScreen, $completion: kotlin.coroutines.Continuation<kotlin.Unit>): kotlin.Any? [suspend] declared in com.example.ui.base.BasicScreenKt.BasicScreen.<no name provided>.invokeSuspend.<no name provided>.invokeSuspend.<no name provided>' type=kotlin.Any? origin=BRIDGE_DELEGATION
                                      $this: GET_VAR '<this>: com.example.ui.base.BasicScreenKt.BasicScreen.<no name provided>.invokeSuspend.<no name provided>.invokeSuspend.<no name provided><T of com.example.ui.base.BasicScreenKt.BasicScreen.<no name provided>.invokeSuspend.<no name provided>.invokeSuspend.<no name provided>> declared in com.example.ui.base.BasicScreenKt.BasicScreen.<no name provided>.invokeSuspend.<no name provided>.invokeSuspend.<no name provided>.emit' type=com.example.ui.base.BasicScreenKt.BasicScreen.<no name provided>.invokeSuspend.<no name provided>.invokeSuspend.<no name provided><T of com.example.ui.base.BasicScreenKt.BasicScreen.<no name provided>.invokeSuspend.<no name provided>.invokeSuspend.<no name provided>> origin=null
                                      it: TYPE_OP type=com.example.ui.base.ViewEvent origin=IMPLICIT_CAST typeOperand=com.example.ui.base.ViewEvent
                                        GET_VAR 'value: kotlin.Any? declared in com.example.ui.base.BasicScreenKt.BasicScreen.<no name provided>.invokeSuspend.<no name provided>.invokeSuspend.<no name provided>.emit' type=kotlin.Any? origin=null
                                      $completion: TYPE_OP type=kotlin.coroutines.Continuation<*> origin=IMPLICIT_CAST typeOperand=kotlin.coroutines.Continuation<*>
                                        GET_VAR '$completion: kotlin.coroutines.Continuation<kotlin.Unit> declared in com.example.ui.base.BasicScreenKt.BasicScreen.<no name provided>.invokeSuspend.<no name provided>.invokeSuspend.<no name provided>.emit' type=kotlin.coroutines.Continuation<kotlin.Unit> origin=null
                            CONSTRUCTOR_CALL 'public/*package*/ constructor <init> ($onEvent: kotlin.Function1<Event of com.example.ui.base.BasicScreenKt.BasicScreen, kotlin.Unit>?) [primary] declared in com.example.ui.base.BasicScreenKt.BasicScreen.<no name provided>.invokeSuspend.<no name provided>.invokeSuspend.<no name provided>' type=com.example.ui.base.BasicScreenKt.BasicScreen.<no name provided>.invokeSuspend.<no name provided>.invokeSuspend.<no name provided><T of com.example.ui.base.BasicScreenKt.BasicScreen.<no name provided>.invokeSuspend.<no name provided>.invokeSuspend.<no name provided>> origin=null
                              <class: T>: <none>
                              $onEvent: GET_FIELD 'FIELD FIELD_FOR_CAPTURED_VALUE name:$onEvent type:kotlin.Function1<Event of com.example.ui.base.BasicScreenKt.BasicScreen, kotlin.Unit>? visibility:public/*package*/ [final]' type=kotlin.Function1<Event of com.example.ui.base.BasicScreenKt.BasicScreen, kotlin.Unit>? origin=null
                                receiver: GET_VAR '<this>: com.example.ui.base.BasicScreenKt.BasicScreen.<no name provided>.invokeSuspend.<no name provided> declared in com.example.ui.base.BasicScreenKt.BasicScreen.<no name provided>.invokeSuspend.<no name provided>.invokeSuspend' type=com.example.ui.base.BasicScreenKt.BasicScreen.<no name provided>.invokeSuspend.<no name provided> origin=null
                          $completion: GET_VAR '<this>: com.example.ui.base.BasicScreenKt.BasicScreen.<no name provided>.invokeSuspend.<no name provided> declared in com.example.ui.base.BasicScreenKt.BasicScreen.<no name provided>.invokeSuspend.<no name provided>.invokeSuspend' type=com.example.ui.base.BasicScreenKt.BasicScreen.<no name provided>.invokeSuspend.<no name provided> origin=null
                    FUN name:create visibility:public modality:FINAL <> ($this:com.example.ui.base.BasicScreenKt.BasicScreen.<no name provided>.invokeSuspend.<no name provided>, value:kotlin.Any?, $completion:kotlin.coroutines.Continuation<kotlin.Nothing>) returnType:kotlin.coroutines.Continuation<kotlin.Unit>
                      overridden:
                        public open fun create (value: kotlin.Any?, $completion: kotlin.coroutines.Continuation<kotlin.Nothing>): kotlin.coroutines.Continuation<kotlin.Unit> declared in kotlin.coroutines.jvm.internal.SuspendLambda
                      $this: VALUE_PARAMETER INSTANCE_RECEIVER name:<this> type:com.example.ui.base.BasicScreenKt.BasicScreen.<no name provided>.invokeSuspend.<no name provided>
                      VALUE_PARAMETER name:value index:0 type:kotlin.Any?
                      VALUE_PARAMETER name:$completion index:1 type:kotlin.coroutines.Continuation<kotlin.Nothing>
                      BLOCK_BODY
                        RETURN type=kotlin.Nothing from='public final fun create (value: kotlin.Any?, $completion: kotlin.coroutines.Continuation<kotlin.Nothing>): kotlin.coroutines.Continuation<kotlin.Unit> declared in com.example.ui.base.BasicScreenKt.BasicScreen.<no name provided>.invokeSuspend.<no name provided>'
                          CONSTRUCTOR_CALL 'public/*package*/ constructor <init> ($viewModel: com.example.ui.base.BaseViewModel<State of com.example.ui.base.BasicScreenKt.BasicScreen, Event of com.example.ui.base.BasicScreenKt.BasicScreen, *>, $onEvent: kotlin.Function1<Event of com.example.ui.base.BasicScreenKt.BasicScreen, kotlin.Unit>?, $completion: kotlin.coroutines.Continuation<com.example.ui.base.BasicScreenKt.BasicScreen.<no name provided>.invokeSuspend.<no name provided>>?) [primary] declared in com.example.ui.base.BasicScreenKt.BasicScreen.<no name provided>.invokeSuspend.<no name provided>' type=com.example.ui.base.BasicScreenKt.BasicScreen.<no name provided>.invokeSuspend.<no name provided> origin=null
                            $viewModel: GET_FIELD 'FIELD FIELD_FOR_CAPTURED_VALUE name:$viewModel type:com.example.ui.base.BaseViewModel<State of com.example.ui.base.BasicScreenKt.BasicScreen, Event of com.example.ui.base.BasicScreenKt.BasicScreen, *> visibility:public/*package*/ [final]' type=com.example.ui.base.BaseViewModel<State of com.example.ui.base.BasicScreenKt.BasicScreen, Event of com.example.ui.base.BasicScreenKt.BasicScreen, *> origin=null
                              receiver: GET_VAR '<this>: com.example.ui.base.BasicScreenKt.BasicScreen.<no name provided>.invokeSuspend.<no name provided> declared in com.example.ui.base.BasicScreenKt.BasicScreen.<no name provided>.invokeSuspend.<no name provided>.create' type=com.example.ui.base.BasicScreenKt.BasicScreen.<no name provided>.invokeSuspend.<no name provided> origin=null
                            $onEvent: GET_FIELD 'FIELD FIELD_FOR_CAPTURED_VALUE name:$onEvent type:kotlin.Function1<Event of com.example.ui.base.BasicScreenKt.BasicScreen, kotlin.Unit>? visibility:public/*package*/ [final]' type=kotlin.Function1<Event of com.example.ui.base.BasicScreenKt.BasicScreen, kotlin.Unit>? origin=null
                              receiver: GET_VAR '<this>: com.example.ui.base.BasicScreenKt.BasicScreen.<no name provided>.invokeSuspend.<no name provided> declared in com.example.ui.base.BasicScreenKt.BasicScreen.<no name provided>.invokeSuspend.<no name provided>.create' type=com.example.ui.base.BasicScreenKt.BasicScreen.<no name provided>.invokeSuspend.<no name provided> origin=null
                            $completion: GET_VAR '$completion: kotlin.coroutines.Continuation<kotlin.Nothing> declared in com.example.ui.base.BasicScreenKt.BasicScreen.<no name provided>.invokeSuspend.<no name provided>.create' type=kotlin.coroutines.Continuation<kotlin.Nothing> origin=null
                    FUN name:invoke visibility:public modality:FINAL <> ($this:com.example.ui.base.BasicScreenKt.BasicScreen.<no name provided>.invokeSuspend.<no name provided>, p1:kotlinx.coroutines.CoroutineScope, p2:kotlin.coroutines.Continuation<kotlin.Unit>?) returnType:kotlin.Any?
                      overridden:
                        public abstract fun invoke (p1: P1 of kotlin.jvm.functions.Function2, p2: P2 of kotlin.jvm.functions.Function2): R of kotlin.jvm.functions.Function2 declared in kotlin.jvm.functions.Function2
                      $this: VALUE_PARAMETER INSTANCE_RECEIVER name:<this> type:com.example.ui.base.BasicScreenKt.BasicScreen.<no name provided>.invokeSuspend.<no name provided>
                      VALUE_PARAMETER name:p1 index:0 type:kotlinx.coroutines.CoroutineScope
                      VALUE_PARAMETER name:p2 index:1 type:kotlin.coroutines.Continuation<kotlin.Unit>?
                      BLOCK_BODY
                        RETURN type=kotlin.Nothing from='public final fun invoke (p1: kotlinx.coroutines.CoroutineScope, p2: kotlin.coroutines.Continuation<kotlin.Unit>?): kotlin.Any? declared in com.example.ui.base.BasicScreenKt.BasicScreen.<no name provided>.invokeSuspend.<no name provided>'
                          CALL 'public final fun invokeSuspend ($result: kotlin.Result<kotlin.Any?>): kotlin.Any? declared in com.example.ui.base.BasicScreenKt.BasicScreen.<no name provided>.invokeSuspend.<no name provided>' type=kotlin.Any? origin=null
                            $this: TYPE_OP type=com.example.ui.base.BasicScreenKt.BasicScreen.<no name provided>.invokeSuspend.<no name provided> origin=IMPLICIT_CAST typeOperand=com.example.ui.base.BasicScreenKt.BasicScreen.<no name provided>.invokeSuspend.<no name provided>
                              CALL 'public final fun create (value: kotlin.Any?, $completion: kotlin.coroutines.Continuation<kotlin.Nothing>): kotlin.coroutines.Continuation<kotlin.Unit> declared in com.example.ui.base.BasicScreenKt.BasicScreen.<no name provided>.invokeSuspend.<no name provided>' type=kotlin.coroutines.Continuation<kotlin.Unit> origin=null
                                $this: GET_VAR '<this>: com.example.ui.base.BasicScreenKt.BasicScreen.<no name provided>.invokeSuspend.<no name provided> declared in com.example.ui.base.BasicScreenKt.BasicScreen.<no name provided>.invokeSuspend.<no name provided>.invoke' type=com.example.ui.base.BasicScreenKt.BasicScreen.<no name provided>.invokeSuspend.<no name provided> origin=null
                                value: GET_VAR 'p1: kotlinx.coroutines.CoroutineScope declared in com.example.ui.base.BasicScreenKt.BasicScreen.<no name provided>.invokeSuspend.<no name provided>.invoke' type=kotlinx.coroutines.CoroutineScope origin=null
                                $completion: GET_VAR 'p2: kotlin.coroutines.Continuation<kotlin.Unit>? declared in com.example.ui.base.BasicScreenKt.BasicScreen.<no name provided>.invokeSuspend.<no name provided>.invoke' type=kotlin.coroutines.Continuation<kotlin.Unit>? origin=null
                            $result: CALL 'public final fun <unsafe-coerce> <T, R> (v: T of kotlin.jvm.internal.<unsafe-coerce>): R of kotlin.jvm.internal.<unsafe-coerce> declared in kotlin.jvm.internal' type=kotlin.Result<kotlin.Any?> origin=null
                              <T>: kotlin.Any?
                              <R>: kotlin.Result<kotlin.Any?>
                              v: GET_FIELD 'FIELD FIELD_FOR_OBJECT_INSTANCE name:INSTANCE type:kotlin.Unit visibility:public [final,static]' type=kotlin.Unit origin=null
                    FIELD FIELD_FOR_CAPTURED_VALUE name:$viewModel type:com.example.ui.base.BaseViewModel<State of com.example.ui.base.BasicScreenKt.BasicScreen, Event of com.example.ui.base.BasicScreenKt.BasicScreen, *> visibility:public/*package*/ [final]
                    FIELD FIELD_FOR_CAPTURED_VALUE name:$onEvent type:kotlin.Function1<Event of com.example.ui.base.BasicScreenKt.BasicScreen, kotlin.Unit>? visibility:public/*package*/ [final]
                    FUN BRIDGE name:invoke visibility:public modality:OPEN <> ($this:com.example.ui.base.BasicScreenKt.BasicScreen.<no name provided>.invokeSuspend.<no name provided>, p1:kotlin.Any?, p2:kotlin.Any?) returnType:kotlin.Any?
                      $this: VALUE_PARAMETER INSTANCE_RECEIVER name:<this> type:com.example.ui.base.BasicScreenKt.BasicScreen.<no name provided>.invokeSuspend.<no name provided>
                      VALUE_PARAMETER BRIDGE name:p1 index:0 type:kotlin.Any?
                      VALUE_PARAMETER BRIDGE name:p2 index:1 type:kotlin.Any?
                      EXPRESSION_BODY
                        RETURN type=kotlin.Nothing from='public open fun invoke (p1: kotlin.Any?, p2: kotlin.Any?): kotlin.Any? declared in com.example.ui.base.BasicScreenKt.BasicScreen.<no name provided>.invokeSuspend.<no name provided>'
                          CALL 'public final fun invoke (p1: kotlinx.coroutines.CoroutineScope, p2: kotlin.coroutines.Continuation<kotlin.Unit>?): kotlin.Any? declared in com.example.ui.base.BasicScreenKt.BasicScreen.<no name provided>.invokeSuspend.<no name provided>' type=kotlin.Any? origin=BRIDGE_DELEGATION
                            $this: GET_VAR '<this>: com.example.ui.base.BasicScreenKt.BasicScreen.<no name provided>.invokeSuspend.<no name provided> declared in com.example.ui.base.BasicScreenKt.BasicScreen.<no name provided>.invokeSuspend.<no name provided>.invoke' type=com.example.ui.base.BasicScreenKt.BasicScreen.<no name provided>.invokeSuspend.<no name provided> origin=null
                            p1: TYPE_OP type=kotlinx.coroutines.CoroutineScope origin=IMPLICIT_CAST typeOperand=kotlinx.coroutines.CoroutineScope
                              GET_VAR 'p1: kotlin.Any? declared in com.example.ui.base.BasicScreenKt.BasicScreen.<no name provided>.invokeSuspend.<no name provided>.invoke' type=kotlin.Any? origin=null
                            p2: TYPE_OP type=kotlin.coroutines.Continuation<*> origin=IMPLICIT_CAST typeOperand=kotlin.coroutines.Continuation<*>
                              GET_VAR 'p2: kotlin.Any? declared in com.example.ui.base.BasicScreenKt.BasicScreen.<no name provided>.invokeSuspend.<no name provided>.invoke' type=kotlin.Any? origin=null
                  CONSTRUCTOR_CALL 'public/*package*/ constructor <init> ($viewModel: com.example.ui.base.BaseViewModel<State of com.example.ui.base.BasicScreenKt.BasicScreen, Event of com.example.ui.base.BasicScreenKt.BasicScreen, *>, $onEvent: kotlin.Function1<Event of com.example.ui.base.BasicScreenKt.BasicScreen, kotlin.Unit>?, $completion: kotlin.coroutines.Continuation<com.example.ui.base.BasicScreenKt.BasicScreen.<no name provided>.invokeSuspend.<no name provided>>?) [primary] declared in com.example.ui.base.BasicScreenKt.BasicScreen.<no name provided>.invokeSuspend.<no name provided>' type=com.example.ui.base.BasicScreenKt.BasicScreen.<no name provided>.invokeSuspend.<no name provided> origin=null
                    $viewModel: GET_FIELD 'FIELD FIELD_FOR_CAPTURED_VALUE name:$viewModel type:com.example.ui.base.BaseViewModel<State of com.example.ui.base.BasicScreenKt.BasicScreen, Event of com.example.ui.base.BasicScreenKt.BasicScreen, *> visibility:public/*package*/ [final]' type=com.example.ui.base.BaseViewModel<State of com.example.ui.base.BasicScreenKt.BasicScreen, Event of com.example.ui.base.BasicScreenKt.BasicScreen, *> origin=null
                      receiver: GET_VAR '<this>: com.example.ui.base.BasicScreenKt.BasicScreen.<no name provided> declared in com.example.ui.base.BasicScreenKt.BasicScreen.<no name provided>.invokeSuspend' type=com.example.ui.base.BasicScreenKt.BasicScreen.<no name provided> origin=null
                    $onEvent: GET_FIELD 'FIELD FIELD_FOR_CAPTURED_VALUE name:$onEvent type:kotlin.Function1<Event of com.example.ui.base.BasicScreenKt.BasicScreen, kotlin.Unit>? visibility:public/*package*/ [final]' type=kotlin.Function1<Event of com.example.ui.base.BasicScreenKt.BasicScreen, kotlin.Unit>? origin=null
                      receiver: GET_VAR '<this>: com.example.ui.base.BasicScreenKt.BasicScreen.<no name provided> declared in com.example.ui.base.BasicScreenKt.BasicScreen.<no name provided>.invokeSuspend' type=com.example.ui.base.BasicScreenKt.BasicScreen.<no name provided> origin=null
                    $completion: CONST Null type=kotlin.Nothing? value=null
                $completion: GET_VAR '<this>: com.example.ui.base.BasicScreenKt.BasicScreen.<no name provided> declared in com.example.ui.base.BasicScreenKt.BasicScreen.<no name provided>.invokeSuspend' type=com.example.ui.base.BasicScreenKt.BasicScreen.<no name provided> origin=null
          FUN name:create visibility:public modality:FINAL <> ($this:com.example.ui.base.BasicScreenKt.BasicScreen.<no name provided>, value:kotlin.Any?, $completion:kotlin.coroutines.Continuation<kotlin.Nothing>) returnType:kotlin.coroutines.Continuation<kotlin.Unit>
            overridden:
              public open fun create (value: kotlin.Any?, $completion: kotlin.coroutines.Continuation<kotlin.Nothing>): kotlin.coroutines.Continuation<kotlin.Unit> declared in kotlin.coroutines.jvm.internal.SuspendLambda
            $this: VALUE_PARAMETER INSTANCE_RECEIVER name:<this> type:com.example.ui.base.BasicScreenKt.BasicScreen.<no name provided>
            VALUE_PARAMETER name:value index:0 type:kotlin.Any?
            VALUE_PARAMETER name:$completion index:1 type:kotlin.coroutines.Continuation<kotlin.Nothing>
            BLOCK_BODY
              RETURN type=kotlin.Nothing from='public final fun create (value: kotlin.Any?, $completion: kotlin.coroutines.Continuation<kotlin.Nothing>): kotlin.coroutines.Continuation<kotlin.Unit> declared in com.example.ui.base.BasicScreenKt.BasicScreen.<no name provided>'
                CONSTRUCTOR_CALL 'public/*package*/ constructor <init> ($lifecycleOwner: androidx.lifecycle.LifecycleOwner, $viewModel: com.example.ui.base.BaseViewModel<State of com.example.ui.base.BasicScreenKt.BasicScreen, Event of com.example.ui.base.BasicScreenKt.BasicScreen, *>, $onEvent: kotlin.Function1<Event of com.example.ui.base.BasicScreenKt.BasicScreen, kotlin.Unit>?, $completion: kotlin.coroutines.Continuation<com.example.ui.base.BasicScreenKt.BasicScreen.<no name provided>>?) [primary] declared in com.example.ui.base.BasicScreenKt.BasicScreen.<no name provided>' type=com.example.ui.base.BasicScreenKt.BasicScreen.<no name provided> origin=null
                  $lifecycleOwner: GET_FIELD 'FIELD FIELD_FOR_CAPTURED_VALUE name:$lifecycleOwner type:androidx.lifecycle.LifecycleOwner visibility:public/*package*/ [final]' type=androidx.lifecycle.LifecycleOwner origin=null
                    receiver: GET_VAR '<this>: com.example.ui.base.BasicScreenKt.BasicScreen.<no name provided> declared in com.example.ui.base.BasicScreenKt.BasicScreen.<no name provided>.create' type=com.example.ui.base.BasicScreenKt.BasicScreen.<no name provided> origin=null
                  $viewModel: GET_FIELD 'FIELD FIELD_FOR_CAPTURED_VALUE name:$viewModel type:com.example.ui.base.BaseViewModel<State of com.example.ui.base.BasicScreenKt.BasicScreen, Event of com.example.ui.base.BasicScreenKt.BasicScreen, *> visibility:public/*package*/ [final]' type=com.example.ui.base.BaseViewModel<State of com.example.ui.base.BasicScreenKt.BasicScreen, Event of com.example.ui.base.BasicScreenKt.BasicScreen, *> origin=null
                    receiver: GET_VAR '<this>: com.example.ui.base.BasicScreenKt.BasicScreen.<no name provided> declared in com.example.ui.base.BasicScreenKt.BasicScreen.<no name provided>.create' type=com.example.ui.base.BasicScreenKt.BasicScreen.<no name provided> origin=null
                  $onEvent: GET_FIELD 'FIELD FIELD_FOR_CAPTURED_VALUE name:$onEvent type:kotlin.Function1<Event of com.example.ui.base.BasicScreenKt.BasicScreen, kotlin.Unit>? visibility:public/*package*/ [final]' type=kotlin.Function1<Event of com.example.ui.base.BasicScreenKt.BasicScreen, kotlin.Unit>? origin=null
                    receiver: GET_VAR '<this>: com.example.ui.base.BasicScreenKt.BasicScreen.<no name provided> declared in com.example.ui.base.BasicScreenKt.BasicScreen.<no name provided>.create' type=com.example.ui.base.BasicScreenKt.BasicScreen.<no name provided> origin=null
                  $completion: GET_VAR '$completion: kotlin.coroutines.Continuation<kotlin.Nothing> declared in com.example.ui.base.BasicScreenKt.BasicScreen.<no name provided>.create' type=kotlin.coroutines.Continuation<kotlin.Nothing> origin=null
          FUN name:invoke visibility:public modality:FINAL <> ($this:com.example.ui.base.BasicScreenKt.BasicScreen.<no name provided>, p1:kotlinx.coroutines.CoroutineScope, p2:kotlin.coroutines.Continuation<kotlin.Unit>?) returnType:kotlin.Any?
            overridden:
              public abstract fun invoke (p1: P1 of kotlin.jvm.functions.Function2, p2: P2 of kotlin.jvm.functions.Function2): R of kotlin.jvm.functions.Function2 declared in kotlin.jvm.functions.Function2
            $this: VALUE_PARAMETER INSTANCE_RECEIVER name:<this> type:com.example.ui.base.BasicScreenKt.BasicScreen.<no name provided>
            VALUE_PARAMETER name:p1 index:0 type:kotlinx.coroutines.CoroutineScope
            VALUE_PARAMETER name:p2 index:1 type:kotlin.coroutines.Continuation<kotlin.Unit>?
            BLOCK_BODY
              RETURN type=kotlin.Nothing from='public final fun invoke (p1: kotlinx.coroutines.CoroutineScope, p2: kotlin.coroutines.Continuation<kotlin.Unit>?): kotlin.Any? declared in com.example.ui.base.BasicScreenKt.BasicScreen.<no name provided>'
                CALL 'public final fun invokeSuspend ($result: kotlin.Result<kotlin.Any?>): kotlin.Any? declared in com.example.ui.base.BasicScreenKt.BasicScreen.<no name provided>' type=kotlin.Any? origin=null
                  $this: TYPE_OP type=com.example.ui.base.BasicScreenKt.BasicScreen.<no name provided> origin=IMPLICIT_CAST typeOperand=com.example.ui.base.BasicScreenKt.BasicScreen.<no name provided>
                    CALL 'public final fun create (value: kotlin.Any?, $completion: kotlin.coroutines.Continuation<kotlin.Nothing>): kotlin.coroutines.Continuation<kotlin.Unit> declared in com.example.ui.base.BasicScreenKt.BasicScreen.<no name provided>' type=kotlin.coroutines.Continuation<kotlin.Unit> origin=null
                      $this: GET_VAR '<this>: com.example.ui.base.BasicScreenKt.BasicScreen.<no name provided> declared in com.example.ui.base.BasicScreenKt.BasicScreen.<no name provided>.invoke' type=com.example.ui.base.BasicScreenKt.BasicScreen.<no name provided> origin=null
                      value: GET_VAR 'p1: kotlinx.coroutines.CoroutineScope declared in com.example.ui.base.BasicScreenKt.BasicScreen.<no name provided>.invoke' type=kotlinx.coroutines.CoroutineScope origin=null
                      $completion: GET_VAR 'p2: kotlin.coroutines.Continuation<kotlin.Unit>? declared in com.example.ui.base.BasicScreenKt.BasicScreen.<no name provided>.invoke' type=kotlin.coroutines.Continuation<kotlin.Unit>? origin=null
                  $result: CALL 'public final fun <unsafe-coerce> <T, R> (v: T of kotlin.jvm.internal.<unsafe-coerce>): R of kotlin.jvm.internal.<unsafe-coerce> declared in kotlin.jvm.internal' type=kotlin.Result<kotlin.Any?> origin=null
                    <T>: kotlin.Any?
                    <R>: kotlin.Result<kotlin.Any?>
                    v: GET_FIELD 'FIELD FIELD_FOR_OBJECT_INSTANCE name:INSTANCE type:kotlin.Unit visibility:public [final,static]' type=kotlin.Unit origin=null
          FIELD FIELD_FOR_CAPTURED_VALUE name:$lifecycleOwner type:androidx.lifecycle.LifecycleOwner visibility:public/*package*/ [final]
          FIELD FIELD_FOR_CAPTURED_VALUE name:$viewModel type:com.example.ui.base.BaseViewModel<State of com.example.ui.base.BasicScreenKt.BasicScreen, Event of com.example.ui.base.BasicScreenKt.BasicScreen, *> visibility:public/*package*/ [final]
          FIELD FIELD_FOR_CAPTURED_VALUE name:$onEvent type:kotlin.Function1<Event of com.example.ui.base.BasicScreenKt.BasicScreen, kotlin.Unit>? visibility:public/*package*/ [final]
          FUN BRIDGE name:invoke visibility:public modality:OPEN <> ($this:com.example.ui.base.BasicScreenKt.BasicScreen.<no name provided>, p1:kotlin.Any?, p2:kotlin.Any?) returnType:kotlin.Any?
            $this: VALUE_PARAMETER INSTANCE_RECEIVER name:<this> type:com.example.ui.base.BasicScreenKt.BasicScreen.<no name provided>
            VALUE_PARAMETER BRIDGE name:p1 index:0 type:kotlin.Any?
            VALUE_PARAMETER BRIDGE name:p2 index:1 type:kotlin.Any?
            EXPRESSION_BODY
              RETURN type=kotlin.Nothing from='public open fun invoke (p1: kotlin.Any?, p2: kotlin.Any?): kotlin.Any? declared in com.example.ui.base.BasicScreenKt.BasicScreen.<no name provided>'
                CALL 'public final fun invoke (p1: kotlinx.coroutines.CoroutineScope, p2: kotlin.coroutines.Continuation<kotlin.Unit>?): kotlin.Any? declared in com.example.ui.base.BasicScreenKt.BasicScreen.<no name provided>' type=kotlin.Any? origin=BRIDGE_DELEGATION
                  $this: GET_VAR '<this>: com.example.ui.base.BasicScreenKt.BasicScreen.<no name provided> declared in com.example.ui.base.BasicScreenKt.BasicScreen.<no name provided>.invoke' type=com.example.ui.base.BasicScreenKt.BasicScreen.<no name provided> origin=null
                  p1: TYPE_OP type=kotlinx.coroutines.CoroutineScope origin=IMPLICIT_CAST typeOperand=kotlinx.coroutines.CoroutineScope
                    GET_VAR 'p1: kotlin.Any? declared in com.example.ui.base.BasicScreenKt.BasicScreen.<no name provided>.invoke' type=kotlin.Any? origin=null
                  p2: TYPE_OP type=kotlin.coroutines.Continuation<*> origin=IMPLICIT_CAST typeOperand=kotlin.coroutines.Continuation<*>
                    GET_VAR 'p2: kotlin.Any? declared in com.example.ui.base.BasicScreenKt.BasicScreen.<no name provided>.invoke' type=kotlin.Any? origin=null
        CONSTRUCTOR_CALL 'public/*package*/ constructor <init> ($lifecycleOwner: androidx.lifecycle.LifecycleOwner, $viewModel: com.example.ui.base.BaseViewModel<State of com.example.ui.base.BasicScreenKt.BasicScreen, Event of com.example.ui.base.BasicScreenKt.BasicScreen, *>, $onEvent: kotlin.Function1<Event of com.example.ui.base.BasicScreenKt.BasicScreen, kotlin.Unit>?, $completion: kotlin.coroutines.Continuation<com.example.ui.base.BasicScreenKt.BasicScreen.<no name provided>>?) [primary] declared in com.example.ui.base.BasicScreenKt.BasicScreen.<no name provided>' type=com.example.ui.base.BasicScreenKt.BasicScreen.<no name provided> origin=null
          $lifecycleOwner: GET_VAR 'val lifecycleOwner: androidx.lifecycle.LifecycleOwner [val] declared in com.example.ui.base.BasicScreenKt.BasicScreen' type=androidx.lifecycle.LifecycleOwner origin=null
          $viewModel: GET_VAR 'viewModel: com.example.ui.base.BaseViewModel<State of com.example.ui.base.BasicScreenKt.BasicScreen, Event of com.example.ui.base.BasicScreenKt.BasicScreen, *> declared in com.example.ui.base.BasicScreenKt.BasicScreen' type=com.example.ui.base.BaseViewModel<State of com.example.ui.base.BasicScreenKt.BasicScreen, Event of com.example.ui.base.BasicScreenKt.BasicScreen, *> origin=null
          $onEvent: GET_VAR 'onEvent: kotlin.Function1<Event of com.example.ui.base.BasicScreenKt.BasicScreen, kotlin.Unit>? declared in com.example.ui.base.BasicScreenKt.BasicScreen' type=kotlin.Function1<Event of com.example.ui.base.BasicScreenKt.BasicScreen, kotlin.Unit>? origin=null
          $completion: CONST Null type=kotlin.Nothing? value=null
    CALL 'public final fun Scaffold-QMVK-b8$default (modifier: androidx.compose.ui.Modifier?, topBar: @[Composable] kotlin.Function0<kotlin.Unit>?, bottomBar: @[Composable] kotlin.Function0<kotlin.Unit>?, snackbarHost: @[Composable] kotlin.Function0<kotlin.Unit>?, floatingActionButton: @[Composable] kotlin.Function0<kotlin.Unit>?, floatingActionButtonPosition: androidx.compose.material3.FabPosition, containerColor: androidx.compose.ui.graphics.Color, contentColor: androidx.compose.ui.graphics.Color, contentWindowInsets: androidx.compose.foundation.layout.WindowInsets?, content: @[Composable] kotlin.Function1<androidx.compose.foundation.layout.PaddingValues, kotlin.Unit>, $mask0: kotlin.Int, $handler: kotlin.Any?): kotlin.Unit declared in androidx.compose.material3.ScaffoldKt' type=kotlin.Unit origin=DEFAULT_DISPATCH_CALL
      modifier: COMPOSITE type=androidx.compose.ui.Modifier? origin=DEFAULT_VALUE
        CONST Null type=androidx.compose.ui.Modifier? value=null
      topBar: BLOCK type=kotlin.Function0<kotlin.Unit> origin=LAMBDA
        COMPOSITE type=kotlin.Unit origin=null
        CALL 'public final fun <jvm-indy> <T> (dynamicCall: T of kotlin.jvm.internal.<jvm-indy>, bootstrapMethodHandle: kotlin.Any, vararg bootstrapMethodArguments: kotlin.Any): T of kotlin.jvm.internal.<jvm-indy> declared in kotlin.jvm.internal' type=kotlin.Function0<kotlin.Unit> origin=null
          <T>: kotlin.Function0<kotlin.Unit>
          dynamicCall: CALL 'public final fun invoke (p0: @[Composable] kotlin.Function0<kotlin.Unit>?): kotlin.Function0<kotlin.Unit> declared in kotlin.jvm.internal.invokeDynamic' type=kotlin.Function0<kotlin.Unit> origin=null
            p0: GET_VAR 'toolbar: @[Composable] kotlin.Function0<kotlin.Unit>? declared in com.example.ui.base.BasicScreenKt.BasicScreen' type=@[Composable] kotlin.Function0<kotlin.Unit>? origin=null
          bootstrapMethodHandle: CALL 'public final fun <jvm-method-handle> (tag: kotlin.Int, owner: kotlin.String, name: kotlin.String, descriptor: kotlin.String, isInterface: kotlin.Boolean): kotlin.Any declared in kotlin.jvm.internal' type=kotlin.Any origin=null
            tag: CONST Int type=kotlin.Int value=6
            owner: CONST String type=kotlin.String value="java/lang/invoke/LambdaMetafactory"
            name: CONST String type=kotlin.String value="metafactory"
            descriptor: CONST String type=kotlin.String value="(Ljava/lang/invoke/MethodHandles$Lookup;Ljava/lang/String;Ljava/lang/invoke/MethodType;Ljava/lang/invoke/MethodType;Ljava/lang/invoke/MethodHandle;Ljava/lang/invoke/MethodType;)Ljava/lang/invoke/CallSite;"
            isInterface: CONST Boolean type=kotlin.Boolean value=false
          bootstrapMethodArguments: VARARG type=kotlin.Array<kotlin.Any> varargElementType=kotlin.Any
            CALL 'public final fun <jvm-original-method-type> (method: kotlin.Any): kotlin.Any declared in kotlin.jvm.internal' type=kotlin.Any origin=null
              method: RAW_FUNCTION_REFERENCE 'public abstract fun invoke (): R of kotlin.Function0 [operator] declared in kotlin.Function0' type=kotlin.Any
            RAW_FUNCTION_REFERENCE 'private final fun BasicScreen$lambda$1 ($toolbar: @[Composable] kotlin.Function0<kotlin.Unit>?): kotlin.Unit? declared in com.example.ui.base.BasicScreenKt' type=kotlin.Any
            CALL 'public final fun <jvm-original-method-type> (method: kotlin.Any): kotlin.Any declared in kotlin.jvm.internal' type=kotlin.Any origin=null
              method: RAW_FUNCTION_REFERENCE 'public abstract fun invoke (): kotlin.Unit? [fake_override,operator] declared in kotlin.jvm.internal.invokeDynamic.<fake>' type=kotlin.Any
      bottomBar: COMPOSITE type=@[Composable] kotlin.Function0<kotlin.Unit>? origin=DEFAULT_VALUE
        CONST Null type=@[Composable] kotlin.Function0<kotlin.Unit>? value=null
      snackbarHost: COMPOSITE type=@[Composable] kotlin.Function0<kotlin.Unit>? origin=DEFAULT_VALUE
        CONST Null type=@[Composable] kotlin.Function0<kotlin.Unit>? value=null
      floatingActionButton: COMPOSITE type=@[Composable] kotlin.Function0<kotlin.Unit>? origin=DEFAULT_VALUE
        CONST Null type=@[Composable] kotlin.Function0<kotlin.Unit>? value=null
      floatingActionButtonPosition: COMPOSITE type=androidx.compose.material3.FabPosition origin=DEFAULT_VALUE
        CALL 'public final fun <unsafe-coerce> <T, R> (v: T of kotlin.jvm.internal.<unsafe-coerce>): R of kotlin.jvm.internal.<unsafe-coerce> declared in kotlin.jvm.internal' type=androidx.compose.material3.FabPosition origin=null
          <T>: kotlin.Int
          <R>: androidx.compose.material3.FabPosition
          v: CONST Int type=kotlin.Int value=0
      containerColor: COMPOSITE type=androidx.compose.ui.graphics.Color origin=DEFAULT_VALUE
        CALL 'public final fun <unsafe-coerce> <T, R> (v: T of kotlin.jvm.internal.<unsafe-coerce>): R of kotlin.jvm.internal.<unsafe-coerce> declared in kotlin.jvm.internal' type=androidx.compose.ui.graphics.Color origin=null
          <T>: kotlin.Long
          <R>: androidx.compose.ui.graphics.Color
          v: CONST Long type=kotlin.Long value=0
      contentColor: COMPOSITE type=androidx.compose.ui.graphics.Color origin=DEFAULT_VALUE
        CALL 'public final fun <unsafe-coerce> <T, R> (v: T of kotlin.jvm.internal.<unsafe-coerce>): R of kotlin.jvm.internal.<unsafe-coerce> declared in kotlin.jvm.internal' type=androidx.compose.ui.graphics.Color origin=null
          <T>: kotlin.Long
          <R>: androidx.compose.ui.graphics.Color
          v: CONST Long type=kotlin.Long value=0
      contentWindowInsets: COMPOSITE type=androidx.compose.foundation.layout.WindowInsets? origin=DEFAULT_VALUE
        CONST Null type=androidx.compose.foundation.layout.WindowInsets? value=null
      content: BLOCK type=kotlin.Function1<androidx.compose.foundation.layout.PaddingValues, kotlin.Unit> origin=LAMBDA
        COMPOSITE type=kotlin.Unit origin=null
        CALL 'public final fun <jvm-indy> <T> (dynamicCall: T of kotlin.jvm.internal.<jvm-indy>, bootstrapMethodHandle: kotlin.Any, vararg bootstrapMethodArguments: kotlin.Any): T of kotlin.jvm.internal.<jvm-indy> declared in kotlin.jvm.internal' type=kotlin.Function1<androidx.compose.foundation.layout.PaddingValues, kotlin.Unit> origin=null
          <T>: kotlin.Function1<androidx.compose.foundation.layout.PaddingValues, kotlin.Unit>
          dynamicCall: CALL 'public final fun invoke (p0: @[Composable] kotlin.Function1<@[ParameterName(name = "state")] State of com.example.ui.base.BasicScreenKt.BasicScreen$lambda$3, kotlin.Unit>, p1: androidx.compose.runtime.State<State of com.example.ui.base.BasicScreenKt.BasicScreen$lambda$3>): kotlin.Function1<androidx.compose.foundation.layout.PaddingValues, kotlin.Unit> declared in kotlin.jvm.internal.invokeDynamic' type=kotlin.Function1<androidx.compose.foundation.layout.PaddingValues, kotlin.Unit> origin=null
            p0: GET_VAR 'content: @[Composable] kotlin.Function1<@[ParameterName(name = "state")] State of com.example.ui.base.BasicScreenKt.BasicScreen, kotlin.Unit> declared in com.example.ui.base.BasicScreenKt.BasicScreen' type=@[Composable] kotlin.Function1<@[ParameterName(name = "state")] State of com.example.ui.base.BasicScreenKt.BasicScreen, kotlin.Unit> origin=null
            p1: GET_VAR 'val state$delegate: androidx.compose.runtime.State<State of com.example.ui.base.BasicScreenKt.BasicScreen> [val] declared in com.example.ui.base.BasicScreenKt.BasicScreen' type=androidx.compose.runtime.State<State of com.example.ui.base.BasicScreenKt.BasicScreen> origin=null
          bootstrapMethodHandle: CALL 'public final fun <jvm-method-handle> (tag: kotlin.Int, owner: kotlin.String, name: kotlin.String, descriptor: kotlin.String, isInterface: kotlin.Boolean): kotlin.Any declared in kotlin.jvm.internal' type=kotlin.Any origin=null
            tag: CONST Int type=kotlin.Int value=6
            owner: CONST String type=kotlin.String value="java/lang/invoke/LambdaMetafactory"
            name: CONST String type=kotlin.String value="metafactory"
            descriptor: CONST String type=kotlin.String value="(Ljava/lang/invoke/MethodHandles$Lookup;Ljava/lang/String;Ljava/lang/invoke/MethodType;Ljava/lang/invoke/MethodType;Ljava/lang/invoke/MethodHandle;Ljava/lang/invoke/MethodType;)Ljava/lang/invoke/CallSite;"
            isInterface: CONST Boolean type=kotlin.Boolean value=false
          bootstrapMethodArguments: VARARG type=kotlin.Array<kotlin.Any> varargElementType=kotlin.Any
            CALL 'public final fun <jvm-original-method-type> (method: kotlin.Any): kotlin.Any declared in kotlin.jvm.internal' type=kotlin.Any origin=null
              method: RAW_FUNCTION_REFERENCE 'public abstract fun invoke (p1: P1 of kotlin.Function1): R of kotlin.Function1 [operator] declared in kotlin.Function1' type=kotlin.Any
            RAW_FUNCTION_REFERENCE 'private final fun BasicScreen$lambda$3 <State> ($content: @[Composable] kotlin.Function1<@[ParameterName(name = "state")] State of com.example.ui.base.BasicScreenKt.BasicScreen$lambda$3, kotlin.Unit>, $state$delegate: androidx.compose.runtime.State<State of com.example.ui.base.BasicScreenKt.BasicScreen$lambda$3>, padding: androidx.compose.foundation.layout.PaddingValues): kotlin.Unit? declared in com.example.ui.base.BasicScreenKt' type=kotlin.Any
            CALL 'public final fun <jvm-original-method-type> (method: kotlin.Any): kotlin.Any declared in kotlin.jvm.internal' type=kotlin.Any origin=null
              method: RAW_FUNCTION_REFERENCE 'public abstract fun invoke (p1: androidx.compose.foundation.layout.PaddingValues): kotlin.Unit? [fake_override,operator] declared in kotlin.jvm.internal.invokeDynamic.<fake>' type=kotlin.Any
      $mask0: CONST Int type=kotlin.Int value=509
      $handler: CONST Null type=kotlin.Any? value=null

	at org.jetbrains.kotlin.backend.jvm.codegen.FunctionCodegen.generate(FunctionCodegen.kt:50)
	at org.jetbrains.kotlin.backend.jvm.codegen.FunctionCodegen.generate$default(FunctionCodegen.kt:42)
	at org.jetbrains.kotlin.backend.jvm.codegen.ClassCodegen.generateMethodNode(ClassCodegen.kt:385)
	at org.jetbrains.kotlin.backend.jvm.codegen.ClassCodegen.generateMethod(ClassCodegen.kt:402)
	at org.jetbrains.kotlin.backend.jvm.codegen.ClassCodegen.generate(ClassCodegen.kt:169)
	at org.jetbrains.kotlin.backend.jvm.FileCodegen.lower(JvmPhases.kt:41)
	at org.jetbrains.kotlin.backend.common.phaser.PhaseBuildersKt.makeIrFilePhase$lambda$5(PhaseBuilders.kt:114)
	at org.jetbrains.kotlin.backend.common.phaser.PhaseBuildersKt$createSimpleNamedCompilerPhase$1.phaseBody(PhaseBuilders.kt:71)
	at org.jetbrains.kotlin.backend.common.phaser.SimpleNamedCompilerPhase.phaseBody(CompilerPhase.kt:226)
	at org.jetbrains.kotlin.backend.common.phaser.AbstractNamedCompilerPhase.invoke(CompilerPhase.kt:113)
	at org.jetbrains.kotlin.backend.common.phaser.PerformByIrFilePhase.invokeSequential(performByIrFile.kt:62)
	... 43 more
Caused by: org.jetbrains.kotlin.codegen.CompilationException: Back-end (JVM) Internal error: Couldn't inline method call: CALL 'public final fun <get-current> (): T of androidx.compose.runtime.CompositionLocal [inline] declared in androidx.compose.runtime.CompositionLocal' type=androidx.lifecycle.LifecycleOwner origin=GET_PROPERTY
Method: null
File is unknown
The root cause java.lang.IllegalStateException was thrown at: org.jetbrains.kotlin.codegen.inline.SourceCompilerForInlineKt.getMethodNode(SourceCompilerForInline.kt:118)
	at org.jetbrains.kotlin.codegen.inline.InlineCodegen.performInline(InlineCodegen.kt:65)
	at org.jetbrains.kotlin.backend.jvm.codegen.IrInlineCodegen.genInlineCall(IrInlineCodegen.kt:162)
	at org.jetbrains.kotlin.backend.jvm.codegen.IrInlineCallGenerator.genCall(IrInlineCallGenerator.kt:36)
	at org.jetbrains.kotlin.backend.jvm.codegen.ExpressionCodegen.visitCall(ExpressionCodegen.kt:647)
	at org.jetbrains.kotlin.backend.jvm.codegen.ExpressionCodegen.visitCall(ExpressionCodegen.kt:137)
	at org.jetbrains.kotlin.ir.expressions.IrCall.accept(IrCall.kt:24)
	at org.jetbrains.kotlin.backend.jvm.codegen.ExpressionCodegen.visitVariable(ExpressionCodegen.kt:784)
	at org.jetbrains.kotlin.backend.jvm.codegen.ExpressionCodegen.visitVariable(ExpressionCodegen.kt:137)
	at org.jetbrains.kotlin.ir.declarations.IrVariable.accept(IrVariable.kt:36)
	at org.jetbrains.kotlin.backend.jvm.codegen.ExpressionCodegen.visitStatementContainer(ExpressionCodegen.kt:573)
	at org.jetbrains.kotlin.backend.jvm.codegen.ExpressionCodegen.visitBlockBody(ExpressionCodegen.kt:578)
	at org.jetbrains.kotlin.backend.jvm.codegen.ExpressionCodegen.visitBlockBody(ExpressionCodegen.kt:137)
	at org.jetbrains.kotlin.ir.expressions.IrBlockBody.accept(IrBlockBody.kt:20)
	at org.jetbrains.kotlin.backend.jvm.codegen.ExpressionCodegen.generate(ExpressionCodegen.kt:239)
	at org.jetbrains.kotlin.backend.jvm.codegen.FunctionCodegen.doGenerate(FunctionCodegen.kt:121)
	at org.jetbrains.kotlin.backend.jvm.codegen.FunctionCodegen.generate(FunctionCodegen.kt:46)
	... 53 more
Caused by: java.lang.IllegalStateException: couldn't find inline method Landroidx/compose/runtime/CompositionLocal;.getCurrent()Ljava/lang/Object;
	at org.jetbrains.kotlin.codegen.inline.SourceCompilerForInlineKt.getMethodNode(SourceCompilerForInline.kt:118)
	at org.jetbrains.kotlin.codegen.inline.SourceCompilerForInlineKt.loadCompiledInlineFunction(SourceCompilerForInline.kt:96)
	at org.jetbrains.kotlin.backend.jvm.codegen.IrSourceCompilerForInline.compileInlineFunction(IrSourceCompilerForInline.kt:91)
	at org.jetbrains.kotlin.codegen.inline.InlineCodegen.compileInline(InlineCodegen.kt:43)
	at org.jetbrains.kotlin.codegen.inline.InlineCodegen.performInline(InlineCodegen.kt:51)
	... 68 more


